#-----------------------------------------------------------
# Vivado v2018.3 (64-bit)
# SW Build 2405991 on Thu Dec  6 23:38:27 MST 2018
# IP Build 2404404 on Fri Dec  7 01:43:56 MST 2018
# Start of session at: Fri May 24 14:16:43 2019
# Process ID: 12708
# Current directory: E:/vivado/light_stream2
# Command line: vivado.exe -gui_launcher_event rodinguilauncherevent13956 E:\vivado\light_stream2\light_stream2.xpr
# Log file: E:/vivado/light_stream2/vivado.log
# Journal file: E:/vivado/light_stream2\vivado.jou
#-----------------------------------------------------------
start_gui
open_project E:/vivado/light_stream2/light_stream2.xpr
Scanning sources...
Finished scanning sources
INFO: [IP_Flow 19-234] Refreshing IP repositories
INFO: [IP_Flow 19-1704] No user IP repositories specified
INFO: [IP_Flow 19-2313] Loaded Vivado IP repository 'C:/Xilinx/Vivado/2018.3/data/ip'.
open_project: Time (s): cpu = 00:00:22 ; elapsed = 00:00:13 . Memory (MB): peak = 789.332 ; gain = 190.359
update_compile_order -fileset sources_1
exit
INFO: [Common 17-206] Exiting Vivado at Fri May 24 14:20:20 2019...
