#-----------------------------------------------------------
# Vivado v2018.3 (64-bit)
# SW Build 2405991 on Thu Dec  6 23:38:27 MST 2018
# IP Build 2404404 on Fri Dec  7 01:43:56 MST 2018
# Start of session at: Mon Apr 29 09:12:10 2019
# Process ID: 11484
# Current directory: E:/vivado/light_stream2
# Command line: vivado.exe -gui_launcher_event rodinguilauncherevent12100 E:\vivado\light_stream2\light_stream2.xpr
# Log file: E:/vivado/light_stream2/vivado.log
# Journal file: E:/vivado/light_stream2\vivado.jou
#-----------------------------------------------------------
start_gui
open_project E:/vivado/light_stream2/light_stream2.xpr
Scanning sources...
Finished scanning sources
INFO: [IP_Flow 19-234] Refreshing IP repositories
INFO: [IP_Flow 19-1704] No user IP repositories specified
INFO: [IP_Flow 19-2313] Loaded Vivado IP repository 'C:/Xilinx/Vivado/2018.3/data/ip'.
open_project: Time (s): cpu = 00:00:31 ; elapsed = 00:00:16 . Memory (MB): peak = 773.379 ; gain = 173.055
update_compile_order -fileset sources_1
exit
INFO: [Common 17-206] Exiting Vivado at Mon Apr 29 09:13:20 2019...
